<?xml version="1.0" encoding="UTF-8"?>
<!-- Generated by org.testng.reporters.JUnitReportReporter -->
<testsuite skipped="0" hostname="User-PC" name="com.jbk.WindowEx" tests="1" failures="0" timestamp="2021-11-16T09:58:43 IST" time="14.842" errors="0">
  <testcase name="test01" time="14.842" classname="com.jbk.WindowEx"/>
  <system-out/>
</testsuite> <!-- com.jbk.WindowEx -->
