<?xml version="1.0" encoding="UTF-8"?>
<!-- Generated by org.testng.reporters.JUnitReportReporter -->
<testsuite skipped="0" hostname="User-PC" name="OjtSel.OjtSelenium" tests="6" failures="0" timestamp="2021-10-30T08:40:56 IST" time="19.314" errors="0">
  <testcase name="Logindata" time="2.295" classname="OjtSel.OjtSelenium"/>
  <system-out/>
  <testcase name="Login" time="17.007" classname="OjtSel.OjtSelenium"/>
  <system-out/>
  <testcase name="Dashboard" time="0.004" classname="OjtSel.OjtSelenium"/>
  <system-out/>
  <testcase name="Users" time="0.001" classname="OjtSel.OjtSelenium"/>
  <system-out/>
  <testcase name="Dashboard" time="0.002" classname="OjtSel.OjtSelenium"/>
  <system-out/>
  <testcase name="Dashboard" time="0.005" classname="OjtSel.OjtSelenium"/>
  <system-out/>
</testsuite> <!-- OjtSel.OjtSelenium -->
