<?xml version="1.0" encoding="UTF-8"?>
<!-- Generated by org.testng.reporters.JUnitReportReporter -->
<testsuite skipped="2" hostname="User-PC" name="com.selListener.ListenerTest" tests="3" failures="1" timestamp="2021-11-17T11:00:19 IST" time="72.112" errors="0">
  <testcase name="test01" time="22.117" classname="com.selListener.ListenerTest">
    <skipped/>
  </testcase> <!-- test01 -->
  <system-out/>
  <testcase name="test01" time="28.155" classname="com.selListener.ListenerTest">
    <skipped/>
  </testcase> <!-- test01 -->
  <system-out/>
  <testcase name="test01" time="21.840" classname="com.selListener.ListenerTest">
    <failure type="java.lang.AssertionError" message="expected [JavaByKiran | DashBoard1] but found [JavaByKiran | Dashboard]">
      <![CDATA[java.lang.AssertionError: expected [JavaByKiran | DashBoard1] but found [JavaByKiran | Dashboard]
at org.testng.Assert.fail(Assert.java:99)
at org.testng.Assert.failNotEquals(Assert.java:1037)
at org.testng.Assert.assertEqualsImpl(Assert.java:140)
at org.testng.Assert.assertEquals(Assert.java:122)
at org.testng.Assert.assertEquals(Assert.java:629)
at org.testng.Assert.assertEquals(Assert.java:639)
at com.selListener.ListenerTest.test01(ListenerTest.java:44)
at sun.reflect.NativeMethodAccessorImpl.invoke0(Native Method)
at sun.reflect.NativeMethodAccessorImpl.invoke(NativeMethodAccessorImpl.java:62)
at sun.reflect.DelegatingMethodAccessorImpl.invoke(DelegatingMethodAccessorImpl.java:43)
at java.lang.reflect.Method.invoke(Method.java:498)
at org.testng.internal.MethodInvocationHelper.invokeMethod(MethodInvocationHelper.java:133)
at org.testng.internal.TestInvoker.invokeMethod(TestInvoker.java:598)
at org.testng.internal.TestInvoker.retryFailed(TestInvoker.java:213)
at org.testng.internal.MethodRunner.runInSequence(MethodRunner.java:58)
at org.testng.internal.TestInvoker$MethodInvocationAgent.invoke(TestInvoker.java:824)
at org.testng.internal.TestInvoker.invokeTestMethods(TestInvoker.java:146)
at org.testng.internal.TestMethodWorker.invokeTestMethods(TestMethodWorker.java:146)
at org.testng.internal.TestMethodWorker.run(TestMethodWorker.java:128)
at java.util.concurrent.ThreadPoolExecutor.runWorker(ThreadPoolExecutor.java:1149)
at java.util.concurrent.ThreadPoolExecutor$Worker.run(ThreadPoolExecutor.java:624)
at java.lang.Thread.run(Thread.java:748)
]]>
    </failure>
  </testcase> <!-- test01 -->
  <system-out/>
</testsuite> <!-- com.selListener.ListenerTest -->
